chan_settings: [5du-4du+-3du+ 1p 2m]
Starting MIDI to VortexTracker conversion...
MIDI File: ../test/flim.mid
Format: 4968800
Number of tracks: 6
Time format: 480 MetricTicks

Track 0: 5 events, 0 notes

Track 1: 300 events, 147 notes
  Channel 0: 147 notes

Track 2: 262 events, 128 notes
  Channel 0: 128 notes

Track 3: 133 events, 64 notes
  Channel 9: 64 notes

Track 4: 901 events, 448 notes
  Channel 9: 448 notes

Track 5: 759 events, 377 notes
  Channel 9: 377 notes
track , num_tracks 6, index 0
track , num_tracks 6, index 1
track , num_tracks 6, index 2
track , num_tracks 6, index 3
track , num_tracks 6, index 4
track , num_tracks 6, index 5
max_row:1662
--- detecting base note (for major)---
detected key: 3 (D# major)
--- flattening polynotes ---
vchan:0
vchan:1
vchan:2
rchan:4
rchan:4
rchan:4
rchan:4
rchan:4
rchan:4
rchan:4
rchan:4
rchan:4
rchan:4
rchan:4
rchan:4
rchan:4
rchan:4
rchan:4
rchan:4
rchan:4
rchan:4
rchan:4
rchan:4
rchan:4
rchan:4
rchan:4
rchan:4
rchan:4
rchan:4
rchan:4
rchan:4
rchan:4
rchan:4
rchan:4
rchan:4
rchan:4
rchan:4
rchan:4
rchan:4
rchan:4
rchan:4
rchan:4
rchan:4
rchan:4
rchan:4
rchan:4
rchan:4
rchan:4
rchan:4
rchan:4
rchan:4
rchan:4
rchan:4
rchan:4
rchan:4
rchan:4
rchan:4
rchan:4
rchan:4
rchan:4
rchan:4
rchan:4
rchan:4
rchan:4
rchan:4
rchan:4
rchan:4
rchan:4
rchan:4
rchan:4
rchan:4
rchan:4
rchan:4
rchan:4
rchan:4
rchan:4
rchan:4
rchan:4
rchan:4
rchan:4
rchan:4
rchan:4
rchan:4
rchan:4
rchan:4
rchan:4
rchan:4
rchan:4
rchan:4
rchan:4
rchan:4
rchan:4
rchan:4
rchan:4
rchan:4
rchan:4
rchan:4
rchan:4
rchan:4
rchan:4
rchan:4
rchan:4
rchan:4
rchan:4
rchan:4
rchan:4
rchan:4
rchan:4
rchan:4
rchan:4
rchan:4
rchan:4
rchan:4
rchan:4
rchan:4
rchan:4
rchan:4
rchan:4
rchan:4
rchan:4
rchan:4
rchan:4
rchan:4
rchan:4
rchan:4
rchan:4
rchan:4
rchan:4
rchan:4
rchan:4
rchan:4
rchan:4
rchan:4
rchan:4
rchan:4
rchan:4
rchan:4
rchan:4
rchan:4
rchan:4
rchan:4
rchan:4
rchan:4
rchan:4
rchan:4
rchan:4
rchan:4
rchan:4
rchan:4
rchan:4
rchan:2
rchan:2
rchan:2
rchan:2
rchan:2
rchan:2
rchan:2
rchan:2
rchan:2
rchan:2
rchan:2
rchan:2
rchan:2
rchan:2
rchan:2
rchan:2
rchan:2
rchan:2
rchan:2
rchan:2
rchan:2
rchan:2
rchan:2
rchan:2
rchan:2
rchan:2
rchan:2
rchan:2
rchan:2
rchan:2
rchan:2
rchan:2
rchan:2
rchan:2
rchan:2
rchan:2
rchan:2
rchan:2
rchan:2
rchan:2
rchan:2
rchan:2
rchan:2
rchan:2
rchan:2
rchan:2
rchan:2
rchan:2
rchan:2
rchan:2
rchan:2
rchan:2
rchan:2
rchan:2
rchan:2
rchan:2
rchan:2
rchan:2
rchan:2
rchan:2
rchan:2
rchan:2
rchan:2
rchan:2
rchan:2
rchan:2
rchan:2
rchan:2
rchan:2
rchan:2
rchan:2
rchan:2
rchan:2
rchan:2
rchan:2
rchan:2
rchan:2
rchan:2
rchan:2
rchan:2
rchan:2
rchan:2
rchan:2
rchan:2
rchan:2
rchan:2
rchan:2
rchan:2
rchan:2
rchan:2
rchan:2
rchan:2
rchan:2
rchan:2
rchan:2
rchan:2
rchan:2
rchan:2
rchan:2
rchan:2
rchan:2
rchan:2
rchan:2
rchan:2
rchan:2
rchan:2
rchan:2
rchan:2
rchan:2
rchan:2
rchan:2
rchan:2
rchan:2
rchan:2
rchan:2
rchan:2
rchan:2
rchan:2
rchan:2
rchan:2
rchan:2
rchan:2
rchan:2
rchan:2
rchan:2
rchan:2
rchan:2
rchan:2
rchan:1
rchan:1
rchan:1
rchan:1
rchan:1
rchan:1
rchan:1
rchan:1
rchan:1
rchan:1
rchan:1
rchan:1
rchan:1
rchan:1
rchan:1
rchan:1
rchan:1
rchan:1
rchan:1
rchan:1
rchan:1
rchan:1
rchan:1
rchan:1
rchan:1
rchan:1
rchan:1
rchan:1
rchan:1
rchan:1
rchan:1
rchan:1
rchan:1
rchan:1
rchan:1
rchan:1
rchan:1
rchan:1
rchan:1
rchan:1
rchan:1
rchan:1
rchan:1
rchan:1
rchan:1
rchan:1
rchan:1
rchan:1
rchan:1
rchan:1
rchan:1
rchan:1
rchan:1
rchan:1
rchan:1
rchan:1
rchan:1
rchan:1
rchan:1
rchan:1
rchan:1
rchan:1
rchan:1
rchan:1
rchan:0
rchan:0
rchan:0
rchan:0
rchan:0
rchan:0
rchan:0
rchan:0
rchan:0
rchan:0
rchan:0
rchan:0
rchan:0
rchan:0
rchan:0
rchan:0
rchan:0
rchan:0
rchan:0
rchan:0
rchan:0
rchan:0
rchan:0
rchan:0
rchan:0
rchan:0
rchan:0
rchan:0
rchan:0
rchan:0
rchan:0
rchan:0
rchan:0
rchan:0
rchan:0
rchan:0
rchan:0
rchan:0
rchan:0
rchan:0
rchan:0
rchan:0
rchan:0
rchan:0
rchan:0
rchan:0
rchan:0
rchan:0
rchan:0
rchan:0
rchan:0
rchan:0
rchan:0
rchan:0
rchan:0
rchan:0
rchan:0
rchan:0
rchan:0
rchan:0
rchan:0
rchan:0
rchan:0
rchan:0
rchan:0
rchan:0
rchan:0
rchan:0
rchan:0
rchan:0
rchan:0
rchan:0
rchan:0
rchan:0
rchan:0
rchan:0
rchan:0
rchan:0
rchan:0
rchan:0
rchan:0
rchan:0
rchan:0
rchan:0
rchan:0
rchan:0
rchan:0
rchan:0
rchan:0
rchan:0
rchan:0
rchan:0
rchan:0
rchan:0
rchan:0
rchan:0
rchan:0
rchan:0
rchan:0
rchan:0
rchan:0
rchan:0
rchan:0
rchan:0
rchan:0
rchan:0
rchan:0
rchan:0
rchan:0
rchan:0
rchan:0
rchan:0
rchan:0
rchan:0
rchan:0
rchan:0
rchan:0
rchan:0
rchan:0
rchan:0
rchan:0
rchan:0
rchan:0
rchan:0
rchan:0
rchan:0
rchan:0
rchan:0
rchan:0
rchan:0
rchan:0
rchan:0
rchan:0
rchan:0
rchan:0
rchan:0
rchan:0
rchan:0
rchan:0
rchan:0
rchan:0
rchan:0
rchan:0
rchan:0
rchan:0
rchan:0
rchan:0
rchan:0
rchan:0
rchan:0
rchan:0
rchan:0
rchan:0
rchan:0
rchan:0
rchan:0
rchan:0
rchan:0
rchan:0
rchan:0
rchan:0
rchan:0
rchan:0
rchan:0
rchan:0
rchan:0
rchan:0
rchan:0
rchan:0
rchan:0
rchan:0
rchan:0
rchan:0
rchan:0
rchan:0
rchan:0
rchan:0
rchan:0
rchan:0
rchan:0
rchan:0
rchan:0
rchan:0
rchan:0
rchan:0
rchan:0
rchan:0
rchan:0
rchan:0
rchan:0
rchan:0
rchan:0
rchan:0
rchan:0
rchan:0
rchan:0
rchan:0
rchan:0
rchan:0
rchan:0
rchan:0
rchan:0
rchan:0
rchan:0
rchan:0
rchan:0
rchan:0
rchan:0
rchan:0
rchan:0
rchan:0
rchan:0
rchan:0
rchan:0
rchan:0
rchan:0
rchan:0
rchan:0
rchan:0
rchan:0
rchan:0
rchan:0
rchan:0
rchan:0
rchan:0
rchan:0
rchan:0
rchan:0
rchan:0
rchan:0
rchan:0
rchan:0
rchan:0
rchan:0
rchan:0
rchan:0
rchan:0
rchan:0
rchan:0
rchan:0
rchan:0
rchan:0
rchan:0
rchan:0
rchan:0
rchan:0
rchan:0
rchan:0
rchan:0
rchan:0
rchan:0
rchan:0
rchan:0
rchan:0
rchan:0
rchan:0
rchan:0
rchan:0
rchan:0
rchan:0
rchan:0
rchan:0
rchan:0
rchan:0
rchan:0
rchan:0
rchan:0
rchan:0
rchan:0
rchan:0
rchan:0
rchan:0
rchan:0
rchan:0
rchan:0
rchan:0
rchan:0
rchan:0
rchan:0
rchan:0
rchan:0
rchan:0
rchan:0
rchan:0
rchan:0
rchan:0
rchan:0
rchan:0
rchan:0
rchan:0
rchan:0
rchan:0
rchan:0
rchan:0
rchan:0
rchan:0
rchan:0
rchan:0
rchan:0
rchan:0
rchan:0
rchan:0
rchan:0
rchan:0
rchan:0
rchan:0
rchan:0
rchan:0
rchan:0
rchan:0
rchan:0
rchan:0
rchan:0
rchan:0
rchan:0
rchan:0
rchan:0
rchan:0
rchan:0
rchan:0
rchan:0
rchan:0
rchan:0
rchan:0
rchan:0
rchan:0
rchan:0
rchan:0
rchan:0
rchan:0
rchan:0
rchan:0
rchan:0
rchan:0
rchan:0
rchan:0
rchan:0
rchan:0
rchan:0
rchan:0
rchan:0
rchan:0
rchan:0
rchan:0
rchan:0
rchan:0
rchan:0
rchan:0
rchan:0
rchan:0
rchan:0
rchan:0
rchan:0
rchan:0
rchan:0
rchan:0
rchan:0
rchan:0
rchan:0
rchan:0
rchan:0
rchan:0
rchan:0
rchan:0
rchan:0
rchan:0
rchan:0
rchan:0
rchan:0
rchan:0
rchan:0
rchan:0
rchan:0
rchan:0
rchan:0
rchan:0
rchan:0
rchan:0
rchan:0
rchan:0
rchan:0
rchan:0
rchan:0
rchan:0
rchan:0
rchan:0
rchan:0
rchan:0
rchan:0
rchan:0
rchan:0
rchan:0
rchan:0
rchan:0
rchan:0
rchan:0
rchan:0
rchan:0
rchan:0
rchan:0
rchan:0
rchan:0
rchan:0
rchan:0
rchan:0
rchan:0
rchan:0
rchan:0
rchan:0
rchan:0
rchan:0
rchan:0
rchan:0
rchan:0
rchan:0
rchan:0
rchan:0
rchan:0
rchan:0
rchan:0
rchan:0
rchan:0
rchan:0
rchan:0
rchan:0
rchan:0
rchan:0
rchan:0
rchan:0
rchan:0
rchan:0
rchan:0
rchan:0
rchan:0
rchan:0
rchan:0
rchan:0
rchan:0
rchan:0
rchan:0
rchan:0
rchan:0
rchan:0
rchan:0
rchan:0
rchan:0
rchan:0
rchan:0
--- making ornaments ---
pchan:0
pchan:1
pchan:2
pchan:3
pchan:4
--- applying delays ---
--- mixing channels ---
Conversion complete: flime.txt
